Training convolutional network with MNIST data set
Loading images...
Loaded 200 images
Creating neural network...
Training neural network
Iteration:1, Time:1558ms, TotalError:2.3224602, ErrorChange:2.3224602
Iteration:2, Time:1425ms, TotalError:2.215846, ErrorChange:-0.10661411
Iteration:3, Time:1431ms, TotalError:2.0994163, ErrorChange:-0.116429806
Iteration:4, Time:1414ms, TotalError:1.941814, ErrorChange:-0.15760231
Iteration:5, Time:1429ms, TotalError:1.701314, ErrorChange:-0.24049997
Iteration:6, Time:1420ms, TotalError:1.4032344, ErrorChange:-0.2980796
Iteration:7, Time:1424ms, TotalError:1.1779697, ErrorChange:-0.22526467
Iteration:8, Time:1412ms, TotalError:1.0098647, ErrorChange:-0.168105
Iteration:9, Time:1432ms, TotalError:0.90565383, ErrorChange:-0.10421085
Iteration:10, Time:1434ms, TotalError:0.84115636, ErrorChange:-0.06449747
Iteration:11, Time:1426ms, TotalError:0.77088875, ErrorChange:-0.07026762
Iteration:12, Time:1414ms, TotalError:0.6751698, ErrorChange:-0.09571892
Iteration:1, Time:65ms, TotalError:0.3051439, ErrorChange:0.3051439
Iteration:2, Time:0ms, TotalError:0.29090828, ErrorChange:-0.014235616
Iteration:3, Time:0ms, TotalError:0.2818476, ErrorChange:-0.009060681
Iteration:4, Time:0ms, TotalError:0.27620336, ErrorChange:-0.005644232
Iteration:5, Time:1ms, TotalError:0.27264643, ErrorChange:-0.003556937
Iteration:6, Time:0ms, TotalError:0.2702471, ErrorChange:-0.0023993254
Iteration:7, Time:0ms, TotalError:0.26845554, ErrorChange:-0.0017915666
Iteration:8, Time:0ms, TotalError:0.2669853, ErrorChange:-0.001470238
Iteration:9, Time:0ms, TotalError:0.2656886, ErrorChange:-0.001296699
Iteration:10, Time:0ms, TotalError:0.2644824, ErrorChange:-0.0012061894
Iteration:11, Time:5ms, TotalError:0.2633133, ErrorChange:-0.0011691153
Iteration:12, Time:0ms, TotalError:0.2621435, ErrorChange:-0.0011698008
Iteration:13, Time:0ms, TotalError:0.2609442, ErrorChange:-0.001199305
Iteration:14, Time:0ms, TotalError:0.25969303, ErrorChange:-0.0012511611
Iteration:15, Time:0ms, TotalError:0.25837228, ErrorChange:-0.0013207495
Iteration:16, Time:0ms, TotalError:0.25696823, ErrorChange:-0.001404047
Iteration:17, Time:0ms, TotalError:0.25547022, ErrorChange:-0.0014980137
Iteration:18, Time:0ms, TotalError:0.25387067, ErrorChange:-0.0015995502
Iteration:19, Time:0ms, TotalError:0.25216448, ErrorChange:-0.001706183
Iteration:20, Time:0ms, TotalError:0.25034913, ErrorChange:-0.0018153489
Iteration:21, Time:1ms, TotalError:0.24842459, ErrorChange:-0.0019245446
Iteration:22, Time:0ms, TotalError:0.24639302, ErrorChange:-0.0020315647
Iteration:23, Time:0ms, TotalError:0.24425903, ErrorChange:-0.0021339953
Iteration:24, Time:0ms, TotalError:0.24202928, ErrorChange:-0.0022297502
Iteration:25, Time:0ms, TotalError:0.23971207, ErrorChange:-0.002317205
Iteration:26, Time:0ms, TotalError:0.23731717, ErrorChange:-0.0023948997
Iteration:27, Time:0ms, TotalError:0.23485535, ErrorChange:-0.0024618208
Iteration:28, Time:0ms, TotalError:0.23233746, ErrorChange:-0.002517894
Iteration:29, Time:0ms, TotalError:0.22977427, ErrorChange:-0.0025631934
Iteration:30, Time:0ms, TotalError:0.22717553, ErrorChange:-0.0025987327
Iteration:31, Time:1ms, TotalError:0.22454968, ErrorChange:-0.0026258528
Iteration:32, Time:0ms, TotalError:0.22190309, ErrorChange:-0.0026465952
Iteration:33, Time:0ms, TotalError:0.21923976, ErrorChange:-0.0026633292
Iteration:34, Time:0ms, TotalError:0.21656129, ErrorChange:-0.0026784688
Iteration:35, Time:0ms, TotalError:0.21386649, ErrorChange:-0.0026948005
Iteration:36, Time:0ms, TotalError:0.21115145, ErrorChange:-0.0027150363
Iteration:37, Time:0ms, TotalError:0.20840949, ErrorChange:-0.0027419627
Iteration:38, Time:0ms, TotalError:0.20563152, ErrorChange:-0.0027779639
Iteration:39, Time:0ms, TotalError:0.20280612, ErrorChange:-0.0028254092
Iteration:40, Time:0ms, TotalError:0.19991961, ErrorChange:-0.002886504
Iteration:41, Time:0ms, TotalError:0.19695652, ErrorChange:-0.002963096
Iteration:42, Time:0ms, TotalError:0.19389954, ErrorChange:-0.0030569732
Iteration:43, Time:0ms, TotalError:0.19073027, ErrorChange:-0.0031692684
Iteration:44, Time:0ms, TotalError:0.18742898, ErrorChange:-0.0033012927
Iteration:45, Time:0ms, TotalError:0.18397534, ErrorChange:-0.0034536421
Iteration:46, Time:0ms, TotalError:0.18034887, ErrorChange:-0.0036264658
Iteration:47, Time:1ms, TotalError:0.17652923, ErrorChange:-0.0038196445
Iteration:48, Time:0ms, TotalError:0.17249735, ErrorChange:-0.0040318817
Iteration:49, Time:0ms, TotalError:0.16823608, ErrorChange:-0.00426127
Iteration:50, Time:0ms, TotalError:0.1637315, ErrorChange:-0.0045045763
Iteration:51, Time:0ms, TotalError:0.15897408, ErrorChange:-0.004757419
Iteration:52, Time:0ms, TotalError:0.15396048, ErrorChange:-0.0050136
Iteration:53, Time:0ms, TotalError:0.14869487, ErrorChange:-0.0052656084
Iteration:54, Time:1ms, TotalError:0.14319046, ErrorChange:-0.0055044144
Iteration:55, Time:0ms, TotalError:0.13747074, ErrorChange:-0.0057197213
Iteration:56, Time:0ms, TotalError:0.13156965, ErrorChange:-0.0059010834
Iteration:57, Time:0ms, TotalError:0.12553163, ErrorChange:-0.006038025
Iteration:58, Time:0ms, TotalError:0.11940985, ErrorChange:-0.006121777
Iteration:59, Time:0ms, TotalError:0.11326374, ErrorChange:-0.0061461106
Iteration:60, Time:0ms, TotalError:0.107156105, ErrorChange:-0.006107636
Itera